<?xml version="1.0" encoding="UTF-8"?>
<!-- Generated by org.testng.reporters.JUnitXMLReporter -->
<testsuite hostname="ws-dbolgarov" name="Some Test Name" tests="6" failures="0" timestamp="13 Feb 2015 14:03:08 GMT" time="26.152" errors="0">
  <testcase name="loginAsAdmin" time="5.19" classname="com.lohika.atf.test.FirstTest"/>
  <testcase name="addTopicButton" time="3.161" classname="com.lohika.atf.test.FirstTest"/>
  <testcase name="performAddTopic" time="4.259" classname="com.lohika.atf.test.FirstTest"/>
  <testcase name="viewTopic" time="3.053" classname="com.lohika.atf.test.FirstTest"/>
  <testcase name="addPostButton" time="5.063" classname="com.lohika.atf.test.FirstTest"/>
  <testcase name="addPost" time="5.419" classname="com.lohika.atf.test.FirstTest"/>
</testsuite> <!-- Some Test Name -->
